<?xml version="1.0" encoding="UTF-8"?>
<!-- Generated by org.testng.reporters.JUnitXMLReporter -->
<testsuite hostname="GLB-D0173" name="Default test" tests="5" failures="0" timestamp="18 Apr 2016 20:00:20 GMT" time="72.492" errors="0">
  <testcase name="case1" time="0.149" classname="com.globant.training.rocio_bossio.tests.Tests"/>
  <testcase name="case2" time="2.83" classname="com.globant.training.rocio_bossio.tests.Tests"/>
  <testcase name="case3" time="1.767" classname="com.globant.training.rocio_bossio.tests.Tests"/>
  <testcase name="case4" time="6.019" classname="com.globant.training.rocio_bossio.tests.Tests"/>
  <testcase name="case5" time="12.522" classname="com.globant.training.rocio_bossio.tests.Tests"/>
</testsuite> <!-- Default test -->
