<?xml version="1.0" encoding="UTF-8"?>
<testng-results skipped="0" failed="0" total="5" passed="5">
  <reporter-output>
  </reporter-output>
  <suite name="Default suite" duration-ms="72492" started-at="2016-04-18T19:59:07Z" finished-at="2016-04-18T20:00:19Z">
    <groups>
    </groups>
    <test name="Default test" duration-ms="72492" started-at="2016-04-18T19:59:07Z" finished-at="2016-04-18T20:00:19Z">
      <class name="com.globant.training.rocio_bossio.tests.Tests">
        <test-method status="PASS" signature="before()[pri:0, instance:com.globant.training.rocio_bossio.tests.Tests@10bdf5e5]" name="before" is-config="true" duration-ms="22316" started-at="2016-04-18T16:59:07Z" finished-at="2016-04-18T16:59:29Z">
          <reporter-output>
          </reporter-output>
        </test-method> <!-- before -->
        <test-method status="PASS" signature="case1()[pri:0, instance:com.globant.training.rocio_bossio.tests.Tests@10bdf5e5]" name="case1" duration-ms="149" started-at="2016-04-18T16:59:29Z" description="Verifying if title displayed is the expected one" finished-at="2016-04-18T16:59:29Z">
          <reporter-output>
          </reporter-output>
        </test-method> <!-- case1 -->
        <test-method status="PASS" signature="after()[pri:0, instance:com.globant.training.rocio_bossio.tests.Tests@10bdf5e5]" name="after" is-config="true" duration-ms="5537" started-at="2016-04-18T16:59:29Z" finished-at="2016-04-18T16:59:35Z">
          <reporter-output>
          </reporter-output>
        </test-method> <!-- after -->
        <test-method status="PASS" signature="before()[pri:0, instance:com.globant.training.rocio_bossio.tests.Tests@10bdf5e5]" name="before" is-config="true" duration-ms="5934" started-at="2016-04-18T16:59:35Z" finished-at="2016-04-18T16:59:41Z">
          <reporter-output>
          </reporter-output>
        </test-method> <!-- before -->
        <test-method status="PASS" signature="case2()[pri:0, instance:com.globant.training.rocio_bossio.tests.Tests@10bdf5e5]" name="case2" duration-ms="2830" started-at="2016-04-18T16:59:41Z" description="Verifying if the query has results displayed" finished-at="2016-04-18T16:59:44Z">
          <reporter-output>
          </reporter-output>
        </test-method> <!-- case2 -->
        <test-method status="PASS" signature="after()[pri:0, instance:com.globant.training.rocio_bossio.tests.Tests@10bdf5e5]" name="after" is-config="true" duration-ms="471" started-at="2016-04-18T16:59:44Z" finished-at="2016-04-18T16:59:44Z">
          <reporter-output>
          </reporter-output>
        </test-method> <!-- after -->
        <test-method status="PASS" signature="before()[pri:0, instance:com.globant.training.rocio_bossio.tests.Tests@10bdf5e5]" name="before" is-config="true" duration-ms="4549" started-at="2016-04-18T16:59:44Z" finished-at="2016-04-18T16:59:49Z">
          <reporter-output>
          </reporter-output>
        </test-method> <!-- before -->
        <test-method status="PASS" signature="case3()[pri:0, instance:com.globant.training.rocio_bossio.tests.Tests@10bdf5e5]" name="case3" duration-ms="1767" started-at="2016-04-18T16:59:49Z" description="Verifying if a post date is the expected one" finished-at="2016-04-18T16:59:50Z">
          <reporter-output>
          </reporter-output>
        </test-method> <!-- case3 -->
        <test-method status="PASS" signature="after()[pri:0, instance:com.globant.training.rocio_bossio.tests.Tests@10bdf5e5]" name="after" is-config="true" duration-ms="459" started-at="2016-04-18T16:59:50Z" finished-at="2016-04-18T16:59:51Z">
          <reporter-output>
          </reporter-output>
        </test-method> <!-- after -->
        <test-method status="PASS" signature="before()[pri:0, instance:com.globant.training.rocio_bossio.tests.Tests@10bdf5e5]" name="before" is-config="true" duration-ms="4303" started-at="2016-04-18T16:59:51Z" finished-at="2016-04-18T16:59:55Z">
          <reporter-output>
          </reporter-output>
        </test-method> <!-- before -->
        <test-method status="PASS" signature="case4()[pri:0, instance:com.globant.training.rocio_bossio.tests.Tests@10bdf5e5]" name="case4" duration-ms="6019" started-at="2016-04-18T16:59:55Z" description="Send form and verify if it was properly sent" finished-at="2016-04-18T17:00:01Z">
          <reporter-output>
          </reporter-output>
        </test-method> <!-- case4 -->
        <test-method status="PASS" signature="after()[pri:0, instance:com.globant.training.rocio_bossio.tests.Tests@10bdf5e5]" name="after" is-config="true" duration-ms="551" started-at="2016-04-18T17:00:01Z" finished-at="2016-04-18T17:00:02Z">
          <reporter-output>
          </reporter-output>
        </test-method> <!-- after -->
        <test-method status="PASS" signature="before()[pri:0, instance:com.globant.training.rocio_bossio.tests.Tests@10bdf5e5]" name="before" is-config="true" duration-ms="4509" started-at="2016-04-18T17:00:02Z" finished-at="2016-04-18T17:00:06Z">
          <reporter-output>
          </reporter-output>
        </test-method> <!-- before -->
        <test-method status="PASS" signature="case5()[pri:0, instance:com.globant.training.rocio_bossio.tests.Tests@10bdf5e5]" name="case5" duration-ms="12522" started-at="2016-04-18T17:00:06Z" description="Send form with invalid data and verify if it was not sent. Send again with valid data and verify if it was properly sent" finished-at="2016-04-18T17:00:19Z">
          <reporter-output>
          </reporter-output>
        </test-method> <!-- case5 -->
        <test-method status="PASS" signature="after()[pri:0, instance:com.globant.training.rocio_bossio.tests.Tests@10bdf5e5]" name="after" is-config="true" duration-ms="530" started-at="2016-04-18T17:00:19Z" finished-at="2016-04-18T17:00:19Z">
          <reporter-output>
          </reporter-output>
        </test-method> <!-- after -->
      </class> <!-- com.globant.training.rocio_bossio.tests.Tests -->
    </test> <!-- Default test -->
  </suite> <!-- Default suite -->
</testng-results>
