<?xml version="1.0" encoding="UTF-8"?>
<testng-results skipped="0" failed="0" total="1" passed="1">
  <reporter-output>
  </reporter-output>
  <suite name="Default suite" duration-ms="11541" started-at="2016-03-17T14:22:50Z" finished-at="2016-03-17T14:23:01Z">
    <groups>
    </groups>
    <test name="Default test" duration-ms="11541" started-at="2016-03-17T14:22:50Z" finished-at="2016-03-17T14:23:01Z">
      <class name="com.globant.training.rocio_bossio.tests.Tests">
        <test-method status="PASS" signature="before()[pri:0, instance:com.globant.training.rocio_bossio.tests.Tests@18e8a9d]" name="before" is-config="true" duration-ms="3650" started-at="2016-03-17T11:22:50Z" finished-at="2016-03-17T11:22:53Z">
          <reporter-output>
          </reporter-output>
        </test-method> <!-- before -->
        <test-method status="PASS" signature="case1()[pri:0, instance:com.globant.training.rocio_bossio.tests.Tests@18e8a9d]" name="case1" duration-ms="35" started-at="2016-03-17T11:22:53Z" description="Verifing if title displayed is the expected one" finished-at="2016-03-17T11:22:53Z">
          <reporter-output>
          </reporter-output>
        </test-method> <!-- case1 -->
        <test-method status="PASS" signature="after()[pri:0, instance:com.globant.training.rocio_bossio.tests.Tests@18e8a9d]" name="after" is-config="true" duration-ms="7804" started-at="2016-03-17T11:22:53Z" finished-at="2016-03-17T11:23:01Z">
          <reporter-output>
          </reporter-output>
        </test-method> <!-- after -->
      </class> <!-- com.globant.training.rocio_bossio.tests.Tests -->
    </test> <!-- Default test -->
  </suite> <!-- Default suite -->
</testng-results>
